<?xml version="1.0" encoding="UTF-8"?>
<!-- Generated by org.testng.reporters.JUnitReportReporter -->
<testsuite hostname="DESKTOP-ADSAJKA" failures="0" tests="9" name="test.LibraryManagementSystemTest" time="0.215" errors="0" timestamp="2024-11-18T08:49:07 PKT" skipped="0">
  <testcase classname="test.LibraryManagementSystemTest" name="testAddNewBook" time="0.026"/>
  <system-out/>
  <testcase classname="test.LibraryManagementSystemTest" name="testAddNewBook" time="0.071"/>
  <system-out/>
  <testcase classname="test.LibraryManagementSystemTest" name="testAddNewBook" time="0.004"/>
  <system-out/>
  <testcase classname="test.LibraryManagementSystemTest" name="testAddNewMember" time="0.006"/>
  <system-out/>
  <testcase classname="test.LibraryManagementSystemTest" name="testAddNewMember" time="0.076"/>
  <system-out/>
  <testcase classname="test.LibraryManagementSystemTest" name="testAddNewMember" time="0.009"/>
  <system-out/>
  <testcase classname="test.LibraryManagementSystemTest" name="testCheckBookAvailability" time="0.006"/>
  <system-out/>
  <testcase classname="test.LibraryManagementSystemTest" name="testCheckBookAvailability" time="0.001"/>
  <system-out/>
  <testcase classname="test.LibraryManagementSystemTest" name="testCheckBookAvailability" time="0.016"/>
  <system-out/>
</testsuite> <!-- test.LibraryManagementSystemTest -->
