<?xml version="1.0" encoding="UTF-8"?>
<!-- Generated by org.testng.reporters.JUnitReportReporter -->
<testsuite hostname="DESKTOP-ADSAJKA" failures="0" tests="9" name="test.LibraryManagementSystemTest" time="0.060" errors="0" timestamp="2024-11-13T04:28:04 PKT" skipped="0">
  <testcase classname="test.LibraryManagementSystemTest" name="testAddNewMember" time="0.005"/>
  <system-out/>
  <testcase classname="test.LibraryManagementSystemTest" name="testAddNewMember" time="0.002"/>
  <system-out/>
  <testcase classname="test.LibraryManagementSystemTest" name="testCheckBookAvailability" time="0.008"/>
  <system-out/>
  <testcase classname="test.LibraryManagementSystemTest" name="testCheckBookAvailability" time="0.002"/>
  <system-out/>
  <testcase classname="test.LibraryManagementSystemTest" name="testCheckBookAvailability" time="0.002"/>
  <system-out/>
  <testcase classname="test.LibraryManagementSystemTest" name="testAddNewBook" time="0.033"/>
  <system-out/>
  <testcase classname="test.LibraryManagementSystemTest" name="testAddNewBook" time="0.003"/>
  <system-out/>
  <testcase classname="test.LibraryManagementSystemTest" name="testAddNewMember" time="0.002"/>
  <system-out/>
  <testcase classname="test.LibraryManagementSystemTest" name="testAddNewBook" time="0.003"/>
  <system-out/>
</testsuite> <!-- test.LibraryManagementSystemTest -->
