<?xml version="1.0" encoding="UTF-8"?>
<!-- Generated by org.testng.reporters.JUnitReportReporter -->
<testsuite hostname="DESKTOP-ADSAJKA" failures="0" tests="15" name="test.BookTest" time="0.058" errors="0" timestamp="2024-11-18T08:49:08 PKT" skipped="0">
  <testcase classname="test.BookTest" name="testGetBookId" time="0.015"/>
  <system-out/>
  <testcase classname="test.BookTest" name="testGetBookId" time="0.004"/>
  <system-out/>
  <testcase classname="test.BookTest" name="testGetBookId" time="0.002"/>
  <system-out/>
  <testcase classname="test.BookTest" name="testGetTitle" time="0.001"/>
  <system-out/>
  <testcase classname="test.BookTest" name="testGetTitle" time="0.003"/>
  <system-out/>
  <testcase classname="test.BookTest" name="testGetTitle" time="0.006"/>
  <system-out/>
  <testcase classname="test.BookTest" name="testGetAuthor" time="0.002"/>
  <system-out/>
  <testcase classname="test.BookTest" name="testGetAuthor" time="0.003"/>
  <system-out/>
  <testcase classname="test.BookTest" name="testGetAuthor" time="0.002"/>
  <system-out/>
  <testcase classname="test.BookTest" name="testIsAvailable" time="0.005"/>
  <system-out/>
  <testcase classname="test.BookTest" name="testIsAvailable" time="0.009"/>
  <system-out/>
  <testcase classname="test.BookTest" name="testIsAvailable" time="0.002"/>
  <system-out/>
  <testcase classname="test.BookTest" name="testSetAvailable" time="0.001"/>
  <system-out/>
  <testcase classname="test.BookTest" name="testSetAvailable" time="0.001"/>
  <system-out/>
  <testcase classname="test.BookTest" name="testSetAvailable" time="0.002"/>
  <system-out/>
</testsuite> <!-- test.BookTest -->
