<?xml version="1.0" encoding="UTF-8"?>
<!-- Generated by org.testng.reporters.JUnitReportReporter -->
<testsuite hostname="DESKTOP-ADSAJKA" failures="0" tests="5" name="test.LibraryTestExcel" time="0.035" errors="0" timestamp="2024-11-18T08:49:07 PKT" skipped="0">
  <testcase classname="test.LibraryTestExcel" name="testAddBookAndMember" time="0.002"/>
  <system-out/>
  <testcase classname="test.LibraryTestExcel" name="testAddBookAndMember" time="0.002"/>
  <system-out/>
  <testcase classname="test.LibraryTestExcel" name="testAddBookAndMember" time="0.001"/>
  <system-out/>
  <testcase classname="test.LibraryTestExcel" name="testAddBookAndMember" time="0.002"/>
  <system-out/>
  <testcase classname="test.LibraryTestExcel" name="testAddBookAndMember" time="0.028"/>
  <system-out/>
</testsuite> <!-- test.LibraryTestExcel -->
