<?xml version="1.0" encoding="UTF-8"?>
<!-- Generated by org.testng.reporters.JUnitReportReporter -->
<testsuite hostname="DESKTOP-ADSAJKA" failures="0" tests="2" name="test.BookTest2" time="0.000" errors="0" timestamp="2024-11-13T02:08:11 PKT" skipped="2">
  <testcase classname="test.BookTest2" name="testGetTitle" time="0.000">
    <skipped/>
  </testcase> <!-- testGetTitle -->
  <system-out/>
  <testcase classname="test.BookTest2" name="testGetBookId" time="0.000">
    <skipped/>
  </testcase> <!-- testGetBookId -->
  <system-out/>
</testsuite> <!-- test.BookTest2 -->
