<?xml version="1.0" encoding="UTF-8"?>
<!-- Generated by org.testng.reporters.JUnitReportReporter -->
<testsuite hostname="DESKTOP-ADSAJKA" failures="0" tests="15" name="test.MemberTest" time="0.229" errors="0" timestamp="2024-11-18T08:49:08 PKT" skipped="0">
  <testcase classname="test.MemberTest" name="testBorrowBook" time="0.002"/>
  <system-out/>
  <testcase classname="test.MemberTest" name="testBorrowBook" time="0.024"/>
  <system-out/>
  <testcase classname="test.MemberTest" name="testBorrowBook" time="0.063"/>
  <system-out/>
  <testcase classname="test.MemberTest" name="testReturnBook" time="0.004"/>
  <system-out/>
  <testcase classname="test.MemberTest" name="testReturnBook" time="0.003"/>
  <system-out/>
  <testcase classname="test.MemberTest" name="testReturnBook" time="0.001"/>
  <system-out/>
  <testcase classname="test.MemberTest" name="testGetMemberId" time="0.003"/>
  <system-out/>
  <testcase classname="test.MemberTest" name="testGetMemberId" time="0.025"/>
  <system-out/>
  <testcase classname="test.MemberTest" name="testGetMemberId" time="0.007"/>
  <system-out/>
  <testcase classname="test.MemberTest" name="testGetName" time="0.004"/>
  <system-out/>
  <testcase classname="test.MemberTest" name="testGetName" time="0.041"/>
  <system-out/>
  <testcase classname="test.MemberTest" name="testGetName" time="0.002"/>
  <system-out/>
  <testcase classname="test.MemberTest" name="testGetDetails" time="0.006"/>
  <system-out/>
  <testcase classname="test.MemberTest" name="testGetDetails" time="0.029"/>
  <system-out/>
  <testcase classname="test.MemberTest" name="testGetDetails" time="0.015"/>
  <system-out/>
</testsuite> <!-- test.MemberTest -->
