<?xml version="1.0" encoding="UTF-8"?>
<!-- Generated by org.testng.reporters.JUnitReportReporter -->
<testsuite hostname="DESKTOP-ADSAJKA" failures="0" tests="15" name="test.BookTest" time="0.093" errors="0" timestamp="2024-11-14T18:12:41 PKT" skipped="0">
  <testcase classname="test.BookTest" name="testGetBookId" time="0.003"/>
  <system-out/>
  <testcase classname="test.BookTest" name="testGetBookId" time="0.010"/>
  <system-out/>
  <testcase classname="test.BookTest" name="testGetAuthor" time="0.031"/>
  <system-out/>
  <testcase classname="test.BookTest" name="testIsAvailable" time="0.003"/>
  <system-out/>
  <testcase classname="test.BookTest" name="testSetAvailable" time="0.010"/>
  <system-out/>
  <testcase classname="test.BookTest" name="testGetBookId" time="0.003"/>
  <system-out/>
  <testcase classname="test.BookTest" name="testGetTitle" time="0.002"/>
  <system-out/>
  <testcase classname="test.BookTest" name="testIsAvailable" time="0.011"/>
  <system-out/>
  <testcase classname="test.BookTest" name="testGetAuthor" time="0.002"/>
  <system-out/>
  <testcase classname="test.BookTest" name="testGetTitle" time="0.001"/>
  <system-out/>
  <testcase classname="test.BookTest" name="testGetTitle" time="0.003"/>
  <system-out/>
  <testcase classname="test.BookTest" name="testSetAvailable" time="0.005"/>
  <system-out/>
  <testcase classname="test.BookTest" name="testIsAvailable" time="0.003"/>
  <system-out/>
  <testcase classname="test.BookTest" name="testGetAuthor" time="0.003"/>
  <system-out/>
  <testcase classname="test.BookTest" name="testSetAvailable" time="0.003"/>
  <system-out/>
</testsuite> <!-- test.BookTest -->
