<?xml version="1.0" encoding="UTF-8"?>
<!-- Generated by org.testng.reporters.JUnitReportReporter -->
<testsuite hostname="DESKTOP-ADSAJKA" failures="0" tests="5" name="test.LibraryTestExcel" time="0.075" errors="0" timestamp="2024-11-15T00:28:56 PKT" skipped="0">
  <testcase classname="test.LibraryTestExcel" name="testAddBookAndMember" time="0.006"/>
  <system-out/>
  <testcase classname="test.LibraryTestExcel" name="testAddBookAndMember" time="0.008"/>
  <system-out/>
  <testcase classname="test.LibraryTestExcel" name="testAddBookAndMember" time="0.007"/>
  <system-out/>
  <testcase classname="test.LibraryTestExcel" name="testAddBookAndMember" time="0.014"/>
  <system-out/>
  <testcase classname="test.LibraryTestExcel" name="testAddBookAndMember" time="0.040"/>
  <system-out/>
</testsuite> <!-- test.LibraryTestExcel -->
