<?xml version="1.0" encoding="UTF-8"?>
<!-- Generated by org.testng.reporters.JUnitReportReporter -->
<testsuite hostname="DESKTOP-ADSAJKA" failures="0" tests="14" name="test.LibraryTest" time="0.168" errors="0" timestamp="2024-11-18T08:49:08 PKT" skipped="0">
  <testcase classname="test.LibraryTest" name="testAddBook" time="0.004"/>
  <system-out/>
  <testcase classname="test.LibraryTest" name="testAddBook" time="0.054"/>
  <system-out/>
  <testcase classname="test.LibraryTest" name="testAddBook" time="0.003"/>
  <system-out/>
  <testcase classname="test.LibraryTest" name="testAddMember" time="0.002"/>
  <system-out/>
  <testcase classname="test.LibraryTest" name="testAddMember" time="0.007"/>
  <system-out/>
  <testcase classname="test.LibraryTest" name="testAddMember" time="0.007"/>
  <system-out/>
  <testcase classname="test.LibraryTest" name="testListBooks" time="0.035"/>
  <system-out/>
  <testcase classname="test.LibraryTest" name="testListBooks" time="0.002"/>
  <system-out/>
  <testcase classname="test.LibraryTest" name="testListMembers" time="0.016"/>
  <system-out/>
  <testcase classname="test.LibraryTest" name="testListMembers" time="0.003"/>
  <system-out/>
  <testcase classname="test.LibraryTest" name="testIsBookAvailable" time="0.004"/>
  <system-out/>
  <testcase classname="test.LibraryTest" name="testIsBookAvailable" time="0.002"/>
  <system-out/>
  <testcase classname="test.LibraryTest" name="testIsBookAvailable" time="0.015"/>
  <system-out/>
  <testcase classname="test.LibraryTest" name="testIsBookAvailable" time="0.014"/>
  <system-out/>
</testsuite> <!-- test.LibraryTest -->
