<?xml version="1.0" encoding="UTF-8"?>
<!-- Generated by org.testng.reporters.JUnitReportReporter -->
<testsuite hostname="DESKTOP-ADSAJKA" failures="0" tests="14" name="test.LibraryTest" time="0.074" errors="0" timestamp="2024-11-13T03:56:35 PKT" skipped="0">
  <testcase classname="test.LibraryTest" name="testIsBookAvailable" time="0.002"/>
  <system-out/>
  <testcase classname="test.LibraryTest" name="testAddMember" time="0.003"/>
  <system-out/>
  <testcase classname="test.LibraryTest" name="testAddMember" time="0.004"/>
  <system-out/>
  <testcase classname="test.LibraryTest" name="testAddBook" time="0.017"/>
  <system-out/>
  <testcase classname="test.LibraryTest" name="testIsBookAvailable" time="0.003"/>
  <system-out/>
  <testcase classname="test.LibraryTest" name="testListBooks" time="0.011"/>
  <system-out/>
  <testcase classname="test.LibraryTest" name="testListBooks" time="0.003"/>
  <system-out/>
  <testcase classname="test.LibraryTest" name="testAddBook" time="0.002"/>
  <system-out/>
  <testcase classname="test.LibraryTest" name="testAddBook" time="0.002"/>
  <system-out/>
  <testcase classname="test.LibraryTest" name="testIsBookAvailable" time="0.017"/>
  <system-out/>
  <testcase classname="test.LibraryTest" name="testListMembers" time="0.002"/>
  <system-out/>
  <testcase classname="test.LibraryTest" name="testAddMember" time="0.003"/>
  <system-out/>
  <testcase classname="test.LibraryTest" name="testIsBookAvailable" time="0.002"/>
  <system-out/>
  <testcase classname="test.LibraryTest" name="testListMembers" time="0.003"/>
  <system-out/>
</testsuite> <!-- test.LibraryTest -->
