<?xml version="1.0" encoding="UTF-8"?>
<!-- Generated by org.testng.reporters.JUnitReportReporter -->
<testsuite hostname="DESKTOP-ADSAJKA" failures="0" tests="10" name="test.BookTestExcel" time="0.106" errors="0" timestamp="2024-11-14T17:52:17 PKT" skipped="0">
  <testcase classname="test.BookTestExcel" name="testAddNewBook" time="0.010"/>
  <system-out/>
  <testcase classname="test.BookTestExcel" name="testAddNewBook" time="0.043"/>
  <system-out/>
  <testcase classname="test.BookTestExcel" name="testAddNewBook" time="0.010"/>
  <system-out/>
  <testcase classname="test.BookTestExcel" name="testAddNewBook" time="0.002"/>
  <system-out/>
  <testcase classname="test.BookTestExcel" name="testAddNewBook" time="0.015"/>
  <system-out/>
  <testcase classname="test.BookTestExcel" name="testAddNewBook" time="0.014"/>
  <system-out/>
  <testcase classname="test.BookTestExcel" name="testAddNewBook" time="0.002"/>
  <system-out/>
  <testcase classname="test.BookTestExcel" name="testAddNewBook" time="0.002"/>
  <system-out/>
  <testcase classname="test.BookTestExcel" name="testAddNewBook" time="0.003"/>
  <system-out/>
  <testcase classname="test.BookTestExcel" name="testAddNewBook" time="0.005"/>
  <system-out/>
</testsuite> <!-- test.BookTestExcel -->
