<?xml version="1.0" encoding="UTF-8"?>
<!-- Generated by org.testng.reporters.JUnitReportReporter -->
<testsuite hostname="DESKTOP-ADSAJKA" failures="0" tests="15" name="test.MemberTest" time="0.076" errors="0" timestamp="2024-11-13T03:43:38 PKT" skipped="0">
  <testcase classname="test.MemberTest" name="testGetName" time="0.003"/>
  <system-out/>
  <testcase classname="test.MemberTest" name="testGetDetails" time="0.013"/>
  <system-out/>
  <testcase classname="test.MemberTest" name="testGetMemberId" time="0.002"/>
  <system-out/>
  <testcase classname="test.MemberTest" name="testReturnBook" time="0.005"/>
  <system-out/>
  <testcase classname="test.MemberTest" name="testBorrowBook" time="0.003"/>
  <system-out/>
  <testcase classname="test.MemberTest" name="testGetMemberId" time="0.002"/>
  <system-out/>
  <testcase classname="test.MemberTest" name="testGetName" time="0.001"/>
  <system-out/>
  <testcase classname="test.MemberTest" name="testGetName" time="0.003"/>
  <system-out/>
  <testcase classname="test.MemberTest" name="testReturnBook" time="0.002"/>
  <system-out/>
  <testcase classname="test.MemberTest" name="testBorrowBook" time="0.003"/>
  <system-out/>
  <testcase classname="test.MemberTest" name="testGetDetails" time="0.002"/>
  <system-out/>
  <testcase classname="test.MemberTest" name="testGetMemberId" time="0.002"/>
  <system-out/>
  <testcase classname="test.MemberTest" name="testReturnBook" time="0.003"/>
  <system-out/>
  <testcase classname="test.MemberTest" name="testBorrowBook" time="0.030"/>
  <system-out/>
  <testcase classname="test.MemberTest" name="testGetDetails" time="0.002"/>
  <system-out/>
</testsuite> <!-- test.MemberTest -->
